   5.0000000000000002E-005   5.0000000000000002E-005   0.0000000000000000        2.6300000000000000E-004           2
   5.0000000000000002E-005   5.0000000000000002E-005   0.0000000000000000        2.6300000000000000E-004           2
   13.781120000000000        1.2000000000000000E-005   1.2000000000000000E-005   13.781120000000000                3
   23.088773000000000       0.10000000000000001        22.890000000000001        23.289999999999999                2
   5.0000000000000002E-005   5.0000000000000002E-005   0.0000000000000000        2.6300000000000000E-004           2
   5.0000000000000002E-005   5.0000000000000002E-005   0.0000000000000000        2.6300000000000000E-004           2
   13.781120000000000        1.2000000000000000E-005   1.2000000000000000E-005   13.781120000000000                3
   23.088773000000000       0.10000000000000001        22.890000000000001        23.289999999999999                2
  0.73290000000000000        3.2000000000000002E-003   3.2000000000000002E-003  0.73290000000000000                3
   2.8197000000000001        2.3999999999999998E-003   2.3999999999999998E-003   2.8197000000000001                3
   5.0000000000000002E-005   5.0000000000000002E-005   0.0000000000000000        2.6300000000000000E-004           2
   5.0000000000000002E-005   5.0000000000000002E-005   0.0000000000000000        2.6300000000000000E-004           2
   13.781120000000000        1.2000000000000000E-005   1.2000000000000000E-005   13.781120000000000                3
   23.088773000000000       0.10000000000000001        22.890000000000001        23.289999999999999                2
  0.73290000000000000        3.2000000000000002E-003   3.2000000000000002E-003  0.73290000000000000                3
  0.73290000000000000        3.2000000000000002E-003   3.2000000000000002E-003  0.73290000000000000                3
   2.8197000000000001        2.3999999999999998E-003   2.3999999999999998E-003   2.8197000000000001                3
  0.20000000000000001       0.10000000000000001        0.0000000000000000       0.50000000000000000                2
  0.20000000000000001       0.10000000000000001        0.0000000000000000       0.50000000000000000                2
  0.20000000000000001       0.10000000000000001        0.0000000000000000       0.50000000000000000                2
   2.8197000000000001        2.3999999999999998E-003   2.3999999999999998E-003   2.8197000000000001                3
  0.20000000000000001       0.10000000000000001        0.0000000000000000       0.50000000000000000                2
   180.00000000000000        180.00000000000000        0.0000000000000000        360.00000000000000                2
   180.00000000000000        180.00000000000000        0.0000000000000000        360.00000000000000                2
  0.20000000000000001       0.10000000000000001        0.0000000000000000       0.50000000000000000                2
  0.20000000000000001       0.10000000000000001        0.0000000000000000       0.50000000000000000                2
   180.00000000000000        180.00000000000000        0.0000000000000000        360.00000000000000                2
  0.38900000000000001        5.0000000000000003E-002  0.33600000000000002       0.43200000000000000                2
  0.41199999999999998        5.0000000000000003E-002  0.34899999999999998       0.49900000000000000                2
   5.0000000000000002E-005   5.0000000000000002E-005   0.0000000000000000        2.6300000000000000E-004           2
   180.00000000000000        180.00000000000000        0.0000000000000000        360.00000000000000                2
  0.38900000000000001        5.0000000000000003E-002  0.33600000000000002       0.43200000000000000                2
   180.00000000000000        180.00000000000000        0.0000000000000000        360.00000000000000                2
   180.00000000000000        180.00000000000000        0.0000000000000000        360.00000000000000                2
   180.00000000000000        180.00000000000000        0.0000000000000000        360.00000000000000                2
   0.0000000000000000        2.6300000000000000E-004
  0.41199999999999998        5.0000000000000003E-002  0.34899999999999998       0.49900000000000000                2
  0.38900000000000001        5.0000000000000003E-002  0.33600000000000002       0.43200000000000000                2
   180.00000000000000        180.00000000000000        0.0000000000000000        360.00000000000000                2
   0.0000000000000000        2.6300000000000000E-004
  0.41199999999999998        5.0000000000000003E-002  0.34899999999999998       0.49900000000000000                2
   180.00000000000000        180.00000000000000        0.0000000000000000        360.00000000000000                2
   0.0000000000000000        2.6300000000000000E-004
   0.0000000000000000        2.6300000000000000E-004
   1.2000000000000000E-005   13.781120000000000     
   22.890000000000001        23.289999999999999     
   3.2000000000000002E-003  0.73290000000000000     
   2.3999999999999998E-003   2.8197000000000001     
   1.2000000000000000E-005   13.781120000000000     
   22.890000000000001        23.289999999999999     
   0.0000000000000000        2.6300000000000000E-004
   0.0000000000000000        2.6300000000000000E-004
   1.2000000000000000E-005   13.781120000000000     
   0.0000000000000000       0.50000000000000000     
   0.0000000000000000       0.50000000000000000     
   22.890000000000001        23.289999999999999     
   3.2000000000000002E-003  0.73290000000000000     
   2.3999999999999998E-003   2.8197000000000001     
   0.0000000000000000       0.50000000000000000     
   0.0000000000000000        360.00000000000000     
   0.0000000000000000        360.00000000000000     
  0.33600000000000002       0.43200000000000000     
   0.0000000000000000       0.50000000000000000     
   0.0000000000000000        360.00000000000000     
   3.2000000000000002E-003  0.73290000000000000     
   2.3999999999999998E-003   2.8197000000000001     
   0.0000000000000000       0.50000000000000000     
  0.34899999999999998       0.49900000000000000     
   0.0000000000000000        360.00000000000000     
   0.0000000000000000       0.50000000000000000     
   0.0000000000000000        360.00000000000000     
   0.0000000000000000        360.00000000000000     
  0.33600000000000002       0.43200000000000000     
  0.34899999999999998       0.49900000000000000     
   0.0000000000000000        360.00000000000000     
  0.33600000000000002       0.43200000000000000     
  0.34899999999999998       0.49900000000000000     
   0.0000000000000000        360.00000000000000     
   0.0000000000000000        360.00000000000000     
   5.0000000000000002E-005   5.0000000000000002E-005   0.0000000000000000        2.6300000000000000E-004           2
   5.0000000000000002E-005   5.0000000000000002E-005   0.0000000000000000        2.6300000000000000E-004           2
   13.781120000000000        1.2000000000000000E-005   1.2000000000000000E-005   13.781120000000000                3
   23.088773000000000       0.10000000000000001        22.890000000000001        23.289999999999999                2
  0.73290000000000000        3.2000000000000002E-003   3.2000000000000002E-003  0.73290000000000000                3
   2.8197000000000001        2.3999999999999998E-003   2.3999999999999998E-003   2.8197000000000001                3
  0.20000000000000001       0.10000000000000001        0.0000000000000000       0.50000000000000000                2
   5.0000000000000002E-005   5.0000000000000002E-005   0.0000000000000000        2.6300000000000000E-004           2
  0.20000000000000001       0.10000000000000001        0.0000000000000000       0.50000000000000000                2
   13.781120000000000        1.2000000000000000E-005   1.2000000000000000E-005   13.781120000000000                3
   180.00000000000000        180.00000000000000        0.0000000000000000        360.00000000000000                2
   180.00000000000000        180.00000000000000        0.0000000000000000        360.00000000000000                2
   23.088773000000000       0.10000000000000001        22.890000000000001        23.289999999999999                2
  0.38900000000000001        5.0000000000000003E-002  0.33600000000000002       0.43200000000000000                2
  0.73290000000000000        3.2000000000000002E-003   3.2000000000000002E-003  0.73290000000000000                3
  0.41199999999999998        5.0000000000000003E-002  0.34899999999999998       0.49900000000000000                2
   2.8197000000000001        2.3999999999999998E-003   2.3999999999999998E-003   2.8197000000000001                3
   180.00000000000000        180.00000000000000        0.0000000000000000        360.00000000000000                2
  0.20000000000000001       0.10000000000000001        0.0000000000000000       0.50000000000000000                2
   0.0000000000000000        2.6300000000000000E-004
  0.20000000000000001       0.10000000000000001        0.0000000000000000       0.50000000000000000                2
   0.0000000000000000        2.6300000000000000E-004
   180.00000000000000        180.00000000000000        0.0000000000000000        360.00000000000000                2
   1.2000000000000000E-005   13.781120000000000     
   22.890000000000001        23.289999999999999     
   180.00000000000000        180.00000000000000        0.0000000000000000        360.00000000000000                2
   3.2000000000000002E-003  0.73290000000000000     
  0.38900000000000001        5.0000000000000003E-002  0.33600000000000002       0.43200000000000000                2
   2.3999999999999998E-003   2.8197000000000001     
   0.0000000000000000       0.50000000000000000     
   0.0000000000000000       0.50000000000000000     
  0.41199999999999998        5.0000000000000003E-002  0.34899999999999998       0.49900000000000000                2
   0.0000000000000000        360.00000000000000     
   0.0000000000000000        360.00000000000000     
   180.00000000000000        180.00000000000000        0.0000000000000000        360.00000000000000                2
  0.33600000000000002       0.43200000000000000     
   0.0000000000000000        2.6300000000000000E-004
   0.0000000000000000        2.6300000000000000E-004
   1.2000000000000000E-005   13.781120000000000     
  0.34899999999999998       0.49900000000000000     
   22.890000000000001        23.289999999999999     
   0.0000000000000000        360.00000000000000     
   3.2000000000000002E-003  0.73290000000000000     
   5.0000000000000002E-005   5.0000000000000002E-005   0.0000000000000000        2.6300000000000000E-004           2
   5.0000000000000002E-005   5.0000000000000002E-005   0.0000000000000000        2.6300000000000000E-004           2
   13.781120000000000        1.2000000000000000E-005   1.2000000000000000E-005   13.781120000000000                3
   23.088773000000000       0.10000000000000001        22.890000000000001        23.289999999999999                2
  0.73290000000000000        3.2000000000000002E-003   3.2000000000000002E-003  0.73290000000000000                3
   2.8197000000000001        2.3999999999999998E-003   2.3999999999999998E-003   2.8197000000000001                3
  0.20000000000000001       0.10000000000000001        0.0000000000000000       0.50000000000000000                2
  0.20000000000000001       0.10000000000000001        0.0000000000000000       0.50000000000000000                2
   180.00000000000000        180.00000000000000        0.0000000000000000        360.00000000000000                2
   180.00000000000000        180.00000000000000        0.0000000000000000        360.00000000000000                2
  0.38900000000000001        5.0000000000000003E-002  0.33600000000000002       0.43200000000000000                2
  0.41199999999999998        5.0000000000000003E-002  0.34899999999999998       0.49900000000000000                2
   180.00000000000000        180.00000000000000        0.0000000000000000        360.00000000000000                2
   0.0000000000000000        2.6300000000000000E-004
   0.0000000000000000        2.6300000000000000E-004
   1.2000000000000000E-005   13.781120000000000     
   22.890000000000001        23.289999999999999     
   3.2000000000000002E-003  0.73290000000000000     
   2.3999999999999998E-003   2.8197000000000001     
   0.0000000000000000       0.50000000000000000     
   0.0000000000000000       0.50000000000000000     
   0.0000000000000000        360.00000000000000     
   0.0000000000000000        360.00000000000000     
  0.33600000000000002       0.43200000000000000     
  0.34899999999999998       0.49900000000000000     
   0.0000000000000000        360.00000000000000     
   2.3999999999999998E-003   2.8197000000000001     
   0.0000000000000000       0.50000000000000000     
   0.0000000000000000       0.50000000000000000     
   0.0000000000000000        360.00000000000000     
   0.0000000000000000        360.00000000000000     
  0.33600000000000002       0.43200000000000000     
  0.34899999999999998       0.49900000000000000     
   0.0000000000000000        360.00000000000000     
 MultiNest Warning: no resume file found, starting from scratch
 *****************************************************
 MultiNest v2.17
 Copyright Farhan Feroz & Mike Hobson
 Release Mar 2012

 no. of live points = 4000
 dimensionality =   13
 *****************************************************
 Starting MultiNest
 generating live points
 live points generated, starting sampling
Acceptance Rate:      1.000000
Replacements:             4050
Total Samples:            4050
ln(Z):          **************
Acceptance Rate:      0.999756
Replacements:             4100
Total Samples:            4101
ln(Z):          **************
Acceptance Rate:      0.999278
Replacements:             4150
Total Samples:            4153
ln(Z):          **************
Acceptance Rate:      0.999049
Replacements:             4200
Total Samples:            4204
ln(Z):          **************
Acceptance Rate:      0.999060
Replacements:             4250
Total Samples:            4254
ln(Z):          **************
Acceptance Rate:      0.998607
Replacements:             4300
Total Samples:            4306
ln(Z):          **************
Acceptance Rate:      0.997478
Replacements:             4350
Total Samples:            4361
ln(Z):          **************
Acceptance Rate:      0.996151
Replacements:             4400
Total Samples:            4417
ln(Z):          **************
Acceptance Rate:      0.995303
Replacements:             4450
Total Samples:            4471
ln(Z):          **************
Acceptance Rate:      0.994255
Replacements:             4500
Total Samples:            4526
ln(Z):          **************
Acceptance Rate:      0.993450
Replacements:             4550
Total Samples:            4580
ln(Z):          **************
Acceptance Rate:      0.992235
Replacements:             4600
Total Samples:            4636
ln(Z):          **************
Acceptance Rate:      0.990204
Replacements:             4650
Total Samples:            4696
ln(Z):          **************
Acceptance Rate:      0.987810
Replacements:             4700
Total Samples:            4758
ln(Z):          **************
Acceptance Rate:      0.986091
Replacements:             4750
Total Samples:            4817
ln(Z):          **************
Acceptance Rate:      0.983204
Replacements:             4800
Total Samples:            4882
ln(Z):          **************
Acceptance Rate:      0.980789
Replacements:             4850
Total Samples:            4945
ln(Z):          **************
Acceptance Rate:      0.978435
Replacements:             4900
Total Samples:            5008
ln(Z):          **************
Acceptance Rate:      0.975562
Replacements:             4950
Total Samples:            5074
ln(Z):          **************
Acceptance Rate:      0.972763
Replacements:             5000
Total Samples:            5140
ln(Z):          **************
Acceptance Rate:      0.971154
Replacements:             5050
Total Samples:            5200
ln(Z):          **************
Acceptance Rate:      0.969397
Replacements:             5100
Total Samples:            5261
ln(Z):          **************
Acceptance Rate:      0.967681
Replacements:             5150
Total Samples:            5322
ln(Z):          **************
Acceptance Rate:      0.966543
Replacements:             5200
Total Samples:            5380
ln(Z):          **************
Acceptance Rate:      0.964187
Replacements:             5250
Total Samples:            5445
ln(Z):          **************
Acceptance Rate:      0.961713
Replacements:             5300
Total Samples:            5511
ln(Z):          **************
Acceptance Rate:      0.959297
Replacements:             5350
Total Samples:            5577
ln(Z):          **************
Acceptance Rate:      0.955921
Replacements:             5400
Total Samples:            5649
ln(Z):          **************
Acceptance Rate:      0.953965
Replacements:             5450
Total Samples:            5713
ln(Z):          **************
Acceptance Rate:      0.950735
Replacements:             5500
Total Samples:            5785
ln(Z):          **************
Acceptance Rate:      0.948070
Replacements:             5550
Total Samples:            5854
ln(Z):          **************
Acceptance Rate:      0.943873
Replacements:             5600
Total Samples:            5933
ln(Z):          **************
Acceptance Rate:      0.941510
Replacements:             5650
Total Samples:            6001
ln(Z):          **************
Acceptance Rate:      0.937963
Replacements:             5700
Total Samples:            6077
ln(Z):          **************
Acceptance Rate:      0.935111
Replacements:             5750
Total Samples:            6149
ln(Z):          **************
Acceptance Rate:      0.930382
Replacements:             5800
Total Samples:            6234
ln(Z):          **************
Acceptance Rate:      0.927541
Replacements:             5850
Total Samples:            6307
ln(Z):          **************
Acceptance Rate:      0.924620
Replacements:             5900
Total Samples:            6381
ln(Z):          **************
Acceptance Rate:      0.918635
Replacements:             5950
Total Samples:            6477
ln(Z):          **************
Acceptance Rate:      0.913381
Replacements:             6000
Total Samples:            6569
ln(Z):          **************
Acceptance Rate:      0.910870
Replacements:             6050
Total Samples:            6642
ln(Z):          **************
Acceptance Rate:      0.907063
Replacements:             6100
Total Samples:            6725
ln(Z):          **************
Acceptance Rate:      0.902289
Replacements:             6150
Total Samples:            6816
ln(Z):          **************
Acceptance Rate:      0.899724
Replacements:             6200
Total Samples:            6891
ln(Z):          **************
Acceptance Rate:      0.895031
Replacements:             6250
Total Samples:            6983
ln(Z):          **************
Acceptance Rate:      0.892225
Replacements:             6300
Total Samples:            7061
ln(Z):          **************
Acceptance Rate:      0.888609
Replacements:             6350
Total Samples:            7146
ln(Z):          **************
Acceptance Rate:      0.885323
Replacements:             6400
Total Samples:            7229
ln(Z):          **************
Acceptance Rate:      0.881870
Replacements:             6450
Total Samples:            7314
ln(Z):          **************
Acceptance Rate:      0.876365
Replacements:             6500
Total Samples:            7417
ln(Z):          **************
Acceptance Rate:      0.871938
Replacements:             6550
Total Samples:            7512
ln(Z):          **************
Acceptance Rate:      0.868764
Replacements:             6600
Total Samples:            7597
ln(Z):          **************
Acceptance Rate:      0.865097
Replacements:             6650
Total Samples:            7687
ln(Z):          **************
Acceptance Rate:      0.859967
Replacements:             6700
Total Samples:            7791
ln(Z):          **************
Acceptance Rate:      0.857687
Replacements:             6750
Total Samples:            7870
ln(Z):          **************
Acceptance Rate:      0.854379
Replacements:             6800
Total Samples:            7959
ln(Z):          **************
Acceptance Rate:      0.849033
Replacements:             6850
Total Samples:            8068
ln(Z):          **************
Acceptance Rate:      0.845070
Replacements:             6900
Total Samples:            8165
ln(Z):          **************
Acceptance Rate:      0.839778
Replacements:             6950
Total Samples:            8276
ln(Z):          **************
Acceptance Rate:      0.836220
Replacements:             7000
Total Samples:            8371
ln(Z):          **************
Acceptance Rate:      0.832644
Replacements:             7050
Total Samples:            8467
ln(Z):          **************
Acceptance Rate:      0.829536
Replacements:             7100
Total Samples:            8559
ln(Z):          **************
Acceptance Rate:      0.824207
Replacements:             7150
Total Samples:            8675
ln(Z):          **************
Acceptance Rate:      0.819019
Replacements:             7200
Total Samples:            8791
ln(Z):          **************
Acceptance Rate:      0.814424
Replacements:             7250
Total Samples:            8902
ln(Z):          **************
Acceptance Rate:      0.809402
Replacements:             7300
Total Samples:            9019
ln(Z):          **************
Acceptance Rate:      0.806098
Replacements:             7350
Total Samples:            9118
ln(Z):          **************
Acceptance Rate:      0.801994
Replacements:             7400
Total Samples:            9227
ln(Z):          **************
Acceptance Rate:      0.798414
Replacements:             7450
Total Samples:            9331
ln(Z):          **************
Acceptance Rate:      0.791557
Replacements:             7500
Total Samples:            9475
ln(Z):          **************
Acceptance Rate:      0.787607
Replacements:             7550
Total Samples:            9586
ln(Z):          **************
Acceptance Rate:      0.783424
Replacements:             7600
Total Samples:            9701
ln(Z):          **************
Acceptance Rate:      0.778626
Replacements:             7650
Total Samples:            9825
ln(Z):          **************
Acceptance Rate:      0.775975
Replacements:             7700
Total Samples:            9923
ln(Z):          **************
Acceptance Rate:      0.771912
Replacements:             7750
Total Samples:           10040
ln(Z):          **************
Acceptance Rate:      0.766735
Replacements:             7800
Total Samples:           10173
ln(Z):          **************
Acceptance Rate:      0.761471
Replacements:             7850
Total Samples:           10309
ln(Z):          **************
Acceptance Rate:      0.757576
Replacements:             7900
Total Samples:           10428
ln(Z):          **************
Acceptance Rate:      0.752129
Replacements:             7950
Total Samples:           10570
ln(Z):          **************
Acceptance Rate:      0.747454
Replacements:             8000
Total Samples:           10703
ln(Z):          **************
Acceptance Rate:      0.742826
Replacements:             8050
Total Samples:           10837
ln(Z):          **************
Acceptance Rate:      0.737638
Replacements:             8100
Total Samples:           10981
ln(Z):          **************
Acceptance Rate:      0.732058
Replacements:             8150
Total Samples:           11133
ln(Z):          **************
Acceptance Rate:      0.726628
Replacements:             8200
Total Samples:           11285
ln(Z):          **************
Acceptance Rate:      0.720398
Replacements:             8250
Total Samples:           11452
ln(Z):          **************
Acceptance Rate:      0.717559
Replacements:             8300
Total Samples:           11567
ln(Z):          **************
Acceptance Rate:      0.714714
Replacements:             8350
Total Samples:           11683
ln(Z):          **************
Acceptance Rate:      0.710119
Replacements:             8400
Total Samples:           11829
ln(Z):          -986803.499018
Acceptance Rate:      0.705401
Replacements:             8450
Total Samples:           11979
ln(Z):          -970422.914224
Acceptance Rate:      0.700915
Replacements:             8500
Total Samples:           12127
ln(Z):          -949372.692946
Acceptance Rate:      0.696027
Replacements:             8550
Total Samples:           12284
ln(Z):          -930409.159070
Acceptance Rate:      0.690043
Replacements:             8600
Total Samples:           12463
ln(Z):          -912857.636699
Acceptance Rate:      0.685909
Replacements:             8650
Total Samples:           12611
ln(Z):          -898287.626245
Acceptance Rate:      0.681178
Replacements:             8700
Total Samples:           12772
ln(Z):          -879688.472271
Acceptance Rate:      0.674998
Replacements:             8750
Total Samples:           12963
ln(Z):          -862070.937123
Acceptance Rate:      0.669762
Replacements:             8800
Total Samples:           13139
ln(Z):          -840364.113637
Acceptance Rate:      0.666165
Replacements:             8850
Total Samples:           13285
ln(Z):          -820170.393908
Acceptance Rate:      0.661956
Replacements:             8900
Total Samples:           13445
ln(Z):          -799501.244195
Acceptance Rate:      0.657991
Replacements:             8950
Total Samples:           13602
ln(Z):          -782438.551340
Acceptance Rate:      0.652316
Replacements:             9000
Total Samples:           13797
ln(Z):          -764724.710913
Acceptance Rate:      0.646475
Replacements:             9050
Total Samples:           13999
ln(Z):          -747058.982039
Acceptance Rate:      0.642292
Replacements:             9100
Total Samples:           14168
ln(Z):          -731821.295941
Acceptance Rate:      0.639279
Replacements:             9150
Total Samples:           14313
ln(Z):          -714845.580934
Acceptance Rate:      0.634133
Replacements:             9200
Total Samples:           14508
ln(Z):          -704777.235498
Acceptance Rate:      0.629252
Replacements:             9250
Total Samples:           14700
ln(Z):          -688713.992627
Acceptance Rate:      0.625462
Replacements:             9300
Total Samples:           14869
ln(Z):          -673452.275501
Acceptance Rate:      0.622420
Replacements:             9350
Total Samples:           15022
ln(Z):          -659656.992822
Acceptance Rate:      0.617771
Replacements:             9400
Total Samples:           15216
ln(Z):          -647408.226024
Acceptance Rate:      0.614195
Replacements:             9450
Total Samples:           15386
ln(Z):          -635998.005031
Acceptance Rate:      0.610461
Replacements:             9500
Total Samples:           15562
ln(Z):          -624101.666163
Acceptance Rate:      0.605888
Replacements:             9550
Total Samples:           15762
ln(Z):          -612873.753340
Acceptance Rate:      0.601768
Replacements:             9600
Total Samples:           15953
ln(Z):          -598845.364986
Acceptance Rate:      0.598413
Replacements:             9650
Total Samples:           16126
ln(Z):          -585715.476010
Acceptance Rate:      0.593381
Replacements:             9700
Total Samples:           16347
ln(Z):          -575433.671775
Acceptance Rate:      0.588555
Replacements:             9750
Total Samples:           16566
ln(Z):          -566541.466013
Acceptance Rate:      0.582086
Replacements:             9800
Total Samples:           16836
ln(Z):          -558599.032316
Acceptance Rate:      0.577746
Replacements:             9850
Total Samples:           17049
ln(Z):          -547604.635436
Acceptance Rate:      0.575147
Replacements:             9900
Total Samples:           17213
ln(Z):          -536970.065272
Acceptance Rate:      0.569483
Replacements:             9950
Total Samples:           17472
ln(Z):          -525176.979256
Acceptance Rate:      0.564812
Replacements:            10000
Total Samples:           17705
ln(Z):          -514255.695250
Acceptance Rate:      0.559265
Replacements:            10050
Total Samples:           17970
ln(Z):          -501781.120573
Acceptance Rate:      0.555433
Replacements:            10100
Total Samples:           18184
ln(Z):          -494059.284265
Acceptance Rate:      0.552802
Replacements:            10150
Total Samples:           18361
ln(Z):          -484868.613777
Acceptance Rate:      0.548387
Replacements:            10200
Total Samples:           18600
ln(Z):          -477198.493827
Acceptance Rate:      0.544662
Replacements:            10250
Total Samples:           18819
ln(Z):          -468259.661146
Acceptance Rate:      0.540768
Replacements:            10300
Total Samples:           19047
ln(Z):          -457810.812359
Acceptance Rate:      0.537634
Replacements:            10350
Total Samples:           19251
ln(Z):          -449020.776919
Acceptance Rate:      0.532078
Replacements:            10400
Total Samples:           19546
ln(Z):          -439624.709561
Acceptance Rate:      0.529382
Replacements:            10450
Total Samples:           19740
ln(Z):          -431715.036076
Acceptance Rate:      0.526738
Replacements:            10500
Total Samples:           19934
ln(Z):          -422347.196261
Acceptance Rate:      0.520114
Replacements:            10550
Total Samples:           20284
ln(Z):          -413289.574029
Acceptance Rate:      0.516016
Replacements:            10600
Total Samples:           20542
ln(Z):          -404399.617889
Acceptance Rate:      0.512118
Replacements:            10650
Total Samples:           20796
ln(Z):          -397489.104425
Acceptance Rate:      0.507325
Replacements:            10700
Total Samples:           21091
ln(Z):          -391469.386883
Acceptance Rate:      0.503206
Replacements:            10750
Total Samples:           21363
ln(Z):          -386046.912429
Acceptance Rate:      0.498523
Replacements:            10800
Total Samples:           21664
ln(Z):          -379164.405179
Acceptance Rate:      0.494373
Replacements:            10850
Total Samples:           21947
ln(Z):          -371864.230144
Acceptance Rate:      0.490792
Replacements:            10900
Total Samples:           22209
ln(Z):          -365393.577006
Acceptance Rate:      0.486753
Replacements:            10950
Total Samples:           22496
ln(Z):          -357554.940550
Acceptance Rate:      0.483729
Replacements:            11000
Total Samples:           22740
ln(Z):          -352381.875973
4 total processes killed (some possibly by mpirun during cleanup)
